<?xml version="1.0" encoding="UTF-8"?>
<coverage generated="1679158083540" clover="3.2.0">
  <project timestamp="1679158083540" name="All files">
    <metrics statements="643" coveredstatements="614" conditionals="108" coveredconditionals="100" methods="41" coveredmethods="40" elements="792" coveredelements="754" complexity="0" loc="643" ncloc="643" packages="4" files="14" classes="14"/>
    <package name="src">
      <metrics statements="151" coveredstatements="148" conditionals="18" coveredconditionals="16" methods="9" coveredmethods="9"/>
      <file name="App.tsx" path="/home/safae/cs320/sprint4/sprint-4-gwan1-smerigh/src/App.tsx">
        <metrics statements="151" coveredstatements="148" conditionals="18" coveredconditionals="16" methods="9" coveredmethods="9"/>
        <line num="1" count="1" type="stmt"/>
        <line num="2" count="1" type="stmt"/>
        <line num="3" count="1" type="stmt"/>
        <line num="4" count="1" type="stmt"/>
        <line num="5" count="1" type="stmt"/>
        <line num="6" count="1" type="stmt"/>
        <line num="7" count="1" type="stmt"/>
        <line num="8" count="1" type="stmt"/>
        <line num="9" count="1" type="stmt"/>
        <line num="10" count="1" type="stmt"/>
        <line num="11" count="1" type="stmt"/>
        <line num="12" count="1" type="stmt"/>
        <line num="13" count="1" type="stmt"/>
        <line num="14" count="1" type="stmt"/>
        <line num="15" count="1" type="stmt"/>
        <line num="16" count="1" type="stmt"/>
        <line num="17" count="1" type="stmt"/>
        <line num="18" count="1" type="stmt"/>
        <line num="19" count="1" type="stmt"/>
        <line num="20" count="1824" type="cond" truecount="1" falsecount="0"/>
        <line num="21" count="1824" type="stmt"/>
        <line num="22" count="1824" type="stmt"/>
        <line num="23" count="1824" type="stmt"/>
        <line num="24" count="1824" type="stmt"/>
        <line num="25" count="1824" type="stmt"/>
        <line num="26" count="1824" type="stmt"/>
        <line num="27" count="1824" type="stmt"/>
        <line num="28" count="1824" type="stmt"/>
        <line num="29" count="1824" type="stmt"/>
        <line num="30" count="1824" type="stmt"/>
        <line num="31" count="1824" type="stmt"/>
        <line num="32" count="1824" type="stmt"/>
        <line num="33" count="1824" type="stmt"/>
        <line num="34" count="1824" type="stmt"/>
        <line num="35" count="1824" type="stmt"/>
        <line num="36" count="1824" type="stmt"/>
        <line num="37" count="1824" type="stmt"/>
        <line num="38" count="1824" type="stmt"/>
        <line num="39" count="1824" type="stmt"/>
        <line num="40" count="1824" type="stmt"/>
        <line num="41" count="1824" type="stmt"/>
        <line num="42" count="1824" type="stmt"/>
        <line num="43" count="1824" type="stmt"/>
        <line num="44" count="1824" type="cond" truecount="1" falsecount="0"/>
        <line num="45" count="211" type="stmt"/>
        <line num="46" count="211" type="cond" truecount="1" falsecount="0"/>
        <line num="47" count="83" type="stmt"/>
        <line num="48" count="83" type="cond" truecount="2" falsecount="0"/>
        <line num="49" count="15" type="stmt"/>
        <line num="50" count="77" type="cond" truecount="1" falsecount="0"/>
        <line num="51" count="68" type="stmt"/>
        <line num="52" count="68" type="stmt"/>
        <line num="53" count="83" type="stmt"/>
        <line num="54" count="211" type="stmt"/>
        <line num="55" count="211" type="stmt"/>
        <line num="56" count="211" type="stmt"/>
        <line num="57" count="211" type="stmt"/>
        <line num="58" count="211" type="stmt"/>
        <line num="59" count="211" type="stmt"/>
        <line num="60" count="1824" type="stmt"/>
        <line num="61" count="1824" type="stmt"/>
        <line num="62" count="1824" type="stmt"/>
        <line num="63" count="1824" type="stmt"/>
        <line num="64" count="1824" type="stmt"/>
        <line num="65" count="1824" type="cond" truecount="1" falsecount="0"/>
        <line num="66" count="76" type="stmt"/>
        <line num="67" count="76" type="stmt"/>
        <line num="68" count="76" type="stmt"/>
        <line num="69" count="1824" type="stmt"/>
        <line num="70" count="1824" type="stmt"/>
        <line num="71" count="1824" type="stmt"/>
        <line num="72" count="1824" type="stmt"/>
        <line num="73" count="1824" type="stmt"/>
        <line num="74" count="1824" type="stmt"/>
        <line num="75" count="1824" type="stmt"/>
        <line num="76" count="1824" type="cond" truecount="1" falsecount="0"/>
        <line num="77" count="83" type="stmt"/>
        <line num="78" count="83" type="stmt"/>
        <line num="79" count="83" type="stmt"/>
        <line num="80" count="83" type="stmt"/>
        <line num="81" count="83" type="stmt"/>
        <line num="82" count="83" type="cond" truecount="0" falsecount="1"/>
        <line num="83" count="83" type="stmt"/>
        <line num="84" count="83" type="stmt"/>
        <line num="85" count="83" type="stmt"/>
        <line num="86" count="83" type="stmt"/>
        <line num="87" count="83" type="cond" truecount="1" falsecount="0"/>
        <line num="88" count="83" type="cond" truecount="1" falsecount="0"/>
        <line num="89" count="83" type="stmt"/>
        <line num="90" count="83" type="cond" truecount="0" falsecount="1"/>
        <line num="91" count="0" type="stmt"/>
        <line num="92" count="0" type="stmt"/>
        <line num="93" count="0" type="stmt"/>
        <line num="94" count="83" type="stmt"/>
        <line num="95" count="1824" type="stmt"/>
        <line num="96" count="1824" type="stmt"/>
        <line num="97" count="1824" type="stmt"/>
        <line num="98" count="1824" type="stmt"/>
        <line num="99" count="1824" type="cond" truecount="1" falsecount="0"/>
        <line num="100" count="3" type="stmt"/>
        <line num="101" count="3" type="stmt"/>
        <line num="102" count="1824" type="stmt"/>
        <line num="103" count="1824" type="cond" truecount="1" falsecount="0"/>
        <line num="104" count="1" type="stmt"/>
        <line num="105" count="1" type="stmt"/>
        <line num="106" count="1824" type="stmt"/>
        <line num="107" count="1824" type="cond" truecount="1" falsecount="0"/>
        <line num="108" count="3" type="stmt"/>
        <line num="109" count="3" type="stmt"/>
        <line num="110" count="1824" type="stmt"/>
        <line num="111" count="1824" type="stmt"/>
        <line num="112" count="1824" type="cond" truecount="1" falsecount="0"/>
        <line num="113" count="1" type="stmt"/>
        <line num="114" count="1" type="stmt"/>
        <line num="115" count="1824" type="stmt"/>
        <line num="116" count="1824" type="stmt"/>
        <line num="117" count="1824" type="cond" truecount="1" falsecount="0"/>
        <line num="118" count="2" type="stmt"/>
        <line num="119" count="2" type="stmt"/>
        <line num="120" count="1824" type="stmt"/>
        <line num="121" count="1824" type="cond" truecount="1" falsecount="0"/>
        <line num="122" count="1" type="stmt"/>
        <line num="123" count="1" type="stmt"/>
        <line num="124" count="1824" type="stmt"/>
        <line num="125" count="1824" type="stmt"/>
        <line num="126" count="1824" type="stmt"/>
        <line num="127" count="1824" type="stmt"/>
        <line num="128" count="1824" type="stmt"/>
        <line num="129" count="1824" type="stmt"/>
        <line num="130" count="1824" type="stmt"/>
        <line num="131" count="1824" type="stmt"/>
        <line num="132" count="1824" type="stmt"/>
        <line num="133" count="1824" type="stmt"/>
        <line num="134" count="1824" type="stmt"/>
        <line num="135" count="1824" type="stmt"/>
        <line num="136" count="1824" type="stmt"/>
        <line num="137" count="1824" type="stmt"/>
        <line num="138" count="1824" type="stmt"/>
        <line num="139" count="1824" type="stmt"/>
        <line num="140" count="1824" type="stmt"/>
        <line num="141" count="1824" type="stmt"/>
        <line num="142" count="1824" type="stmt"/>
        <line num="143" count="1824" type="stmt"/>
        <line num="144" count="1824" type="stmt"/>
        <line num="145" count="1824" type="stmt"/>
        <line num="146" count="1824" type="stmt"/>
        <line num="147" count="1824" type="stmt"/>
        <line num="148" count="1824" type="stmt"/>
        <line num="149" count="1824" type="stmt"/>
        <line num="150" count="1824" type="stmt"/>
        <line num="151" count="1" type="stmt"/>
      </file>
    </package>
    <package name="src.frontend.REPL">
      <metrics statements="118" coveredstatements="116" conditionals="20" coveredconditionals="19" methods="9" coveredmethods="9"/>
      <file name="REPL.ts" path="/home/safae/cs320/sprint4/sprint-4-gwan1-smerigh/src/frontend/REPL/REPL.ts">
        <metrics statements="50" coveredstatements="50" conditionals="6" coveredconditionals="6" methods="5" coveredmethods="5"/>
        <line num="1" count="1" type="stmt"/>
        <line num="2" count="1" type="stmt"/>
        <line num="3" count="1" type="stmt"/>
        <line num="4" count="1" type="stmt"/>
        <line num="5" count="1" type="stmt"/>
        <line num="6" count="1" type="stmt"/>
        <line num="7" count="1" type="cond" truecount="1" falsecount="0"/>
        <line num="8" count="1818" type="stmt"/>
        <line num="9" count="1818" type="stmt"/>
        <line num="10" count="1818" type="stmt"/>
        <line num="11" count="1818" type="stmt"/>
        <line num="12" count="1818" type="stmt"/>
        <line num="13" count="1818" type="stmt"/>
        <line num="14" count="1818" type="stmt"/>
        <line num="15" count="1818" type="cond" truecount="1" falsecount="0"/>
        <line num="16" count="1818" type="stmt"/>
        <line num="17" count="1818" type="stmt"/>
        <line num="18" count="1818" type="stmt"/>
        <line num="19" count="1818" type="stmt"/>
        <line num="20" count="1818" type="stmt"/>
        <line num="21" count="1818" type="stmt"/>
        <line num="22" count="1818" type="cond" truecount="1" falsecount="0"/>
        <line num="23" count="18172" type="stmt"/>
        <line num="24" count="18172" type="stmt"/>
        <line num="25" count="1818" type="stmt"/>
        <line num="26" count="1818" type="stmt"/>
        <line num="27" count="1818" type="stmt"/>
        <line num="28" count="1818" type="stmt"/>
        <line num="29" count="1818" type="stmt"/>
        <line num="30" count="1818" type="stmt"/>
        <line num="31" count="1818" type="stmt"/>
        <line num="32" count="1818" type="cond" truecount="1" falsecount="0"/>
        <line num="33" count="89" type="stmt"/>
        <line num="34" count="89" type="stmt"/>
        <line num="35" count="89" type="stmt"/>
        <line num="36" count="89" type="stmt"/>
        <line num="37" count="89" type="stmt"/>
        <line num="38" count="89" type="stmt"/>
        <line num="39" count="89" type="stmt"/>
        <line num="40" count="89" type="stmt"/>
        <line num="41" count="89" type="stmt"/>
        <line num="42" count="89" type="stmt"/>
        <line num="43" count="89" type="cond" truecount="1" falsecount="0"/>
        <line num="44" count="3" type="stmt"/>
        <line num="45" count="3" type="stmt"/>
        <line num="46" count="89" type="stmt"/>
        <line num="47" count="89" type="stmt"/>
        <line num="48" count="89" type="stmt"/>
        <line num="49" count="89" type="stmt"/>
        <line num="50" count="1818" type="cond" truecount="1" falsecount="0"/>
      </file>
      <file name="csv2Table.ts" path="/home/safae/cs320/sprint4/sprint-4-gwan1-smerigh/src/frontend/REPL/csv2Table.ts">
        <metrics statements="35" coveredstatements="33" conditionals="5" coveredconditionals="4" methods="2" coveredmethods="2"/>
        <line num="1" count="1" type="stmt"/>
        <line num="2" count="1" type="stmt"/>
        <line num="3" count="1" type="stmt"/>
        <line num="4" count="1" type="stmt"/>
        <line num="5" count="1" type="cond" truecount="1" falsecount="0"/>
        <line num="6" count="19" type="stmt"/>
        <line num="7" count="19" type="cond" truecount="0" falsecount="1"/>
        <line num="8" count="0" type="stmt"/>
        <line num="9" count="0" type="stmt"/>
        <line num="10" count="19" type="stmt"/>
        <line num="11" count="19" type="stmt"/>
        <line num="12" count="19" type="stmt"/>
        <line num="13" count="19" type="stmt"/>
        <line num="14" count="19" type="stmt"/>
        <line num="15" count="19" type="stmt"/>
        <line num="16" count="19" type="stmt"/>
        <line num="17" count="19" type="stmt"/>
        <line num="18" count="19" type="stmt"/>
        <line num="19" count="19" type="stmt"/>
        <line num="20" count="19" type="stmt"/>
        <line num="21" count="19" type="stmt"/>
        <line num="22" count="19" type="stmt"/>
        <line num="23" count="19" type="stmt"/>
        <line num="24" count="19" type="cond" truecount="1" falsecount="0"/>
        <line num="25" count="37" type="stmt"/>
        <line num="26" count="37" type="cond" truecount="1" falsecount="0"/>
        <line num="27" count="88" type="stmt"/>
        <line num="28" count="37" type="stmt"/>
        <line num="29" count="37" type="stmt"/>
        <line num="30" count="19" type="stmt"/>
        <line num="31" count="19" type="stmt"/>
        <line num="32" count="19" type="stmt"/>
        <line num="33" count="19" type="stmt"/>
        <line num="34" count="19" type="stmt"/>
        <line num="35" count="19" type="cond" truecount="1" falsecount="0"/>
      </file>
      <file name="useKeyPress.ts" path="/home/safae/cs320/sprint4/sprint-4-gwan1-smerigh/src/frontend/REPL/useKeyPress.ts">
        <metrics statements="33" coveredstatements="33" conditionals="9" coveredconditionals="9" methods="2" coveredmethods="2"/>
        <line num="1" count="1" type="stmt"/>
        <line num="2" count="1" type="stmt"/>
        <line num="3" count="1" type="cond" truecount="1" falsecount="0"/>
        <line num="4" count="10902" type="stmt"/>
        <line num="5" count="10902" type="stmt"/>
        <line num="6" count="10902" type="cond" truecount="1" falsecount="0"/>
        <line num="7" count="10146" type="stmt"/>
        <line num="8" count="10902" type="stmt"/>
        <line num="9" count="10902" type="stmt"/>
        <line num="10" count="10902" type="stmt"/>
        <line num="11" count="10902" type="stmt"/>
        <line num="12" count="10902" type="cond" truecount="1" falsecount="0"/>
        <line num="13" count="8478" type="stmt"/>
        <line num="14" count="8478" type="cond" truecount="3" falsecount="0"/>
        <line num="15" count="11" type="stmt"/>
        <line num="16" count="11" type="stmt"/>
        <line num="17" count="8478" type="stmt"/>
        <line num="18" count="10902" type="stmt"/>
        <line num="19" count="10902" type="stmt"/>
        <line num="20" count="10902" type="stmt"/>
        <line num="21" count="10902" type="cond" truecount="1" falsecount="0"/>
        <line num="22" count="10146" type="stmt"/>
        <line num="23" count="10146" type="stmt"/>
        <line num="24" count="10146" type="stmt"/>
        <line num="25" count="10146" type="stmt"/>
        <line num="26" count="10146" type="stmt"/>
        <line num="27" count="10146" type="stmt"/>
        <line num="28" count="10146" type="stmt"/>
        <line num="29" count="10146" type="cond" truecount="1" falsecount="0"/>
        <line num="30" count="10146" type="stmt"/>
        <line num="31" count="10146" type="stmt"/>
        <line num="32" count="10902" type="stmt"/>
        <line num="33" count="10902" type="cond" truecount="1" falsecount="0"/>
      </file>
    </package>
    <package name="src.frontend.REPL.promises">
      <metrics statements="276" coveredstatements="256" conditionals="59" coveredconditionals="56" methods="16" coveredmethods="15"/>
      <file name="clearPromise.ts" path="/home/safae/cs320/sprint4/sprint-4-gwan1-smerigh/src/frontend/REPL/promises/clearPromise.ts">
        <metrics statements="30" coveredstatements="24" conditionals="4" coveredconditionals="4" methods="2" coveredmethods="2"/>
        <line num="1" count="1" type="stmt"/>
        <line num="2" count="1" type="stmt"/>
        <line num="3" count="1" type="stmt"/>
        <line num="4" count="1" type="stmt"/>
        <line num="5" count="1" type="stmt"/>
        <line num="6" count="1" type="stmt"/>
        <line num="7" count="1" type="stmt"/>
        <line num="8" count="1" type="stmt"/>
        <line num="9" count="1" type="cond" truecount="1" falsecount="0"/>
        <line num="10" count="4" type="stmt"/>
        <line num="11" count="4" type="cond" truecount="1" falsecount="0"/>
        <line num="12" count="4" type="stmt"/>
        <line num="13" count="4" type="stmt"/>
        <line num="14" count="4" type="stmt"/>
        <line num="15" count="4" type="stmt"/>
        <line num="16" count="0" type="stmt"/>
        <line num="17" count="0" type="stmt"/>
        <line num="18" count="0" type="stmt"/>
        <line num="19" count="0" type="stmt"/>
        <line num="20" count="0" type="stmt"/>
        <line num="21" count="0" type="stmt"/>
        <line num="22" count="4" type="stmt"/>
        <line num="23" count="4" type="cond" truecount="1" falsecount="0"/>
        <line num="24" count="4" type="stmt"/>
        <line num="25" count="4" type="stmt"/>
        <line num="26" count="4" type="stmt"/>
        <line num="27" count="4" type="stmt"/>
        <line num="28" count="4" type="stmt"/>
        <line num="29" count="4" type="stmt"/>
        <line num="30" count="1817" type="cond" truecount="1" falsecount="0"/>
      </file>
      <file name="helpPromise.ts" path="/home/safae/cs320/sprint4/sprint-4-gwan1-smerigh/src/frontend/REPL/promises/helpPromise.ts">
        <metrics statements="56" coveredstatements="56" conditionals="3" coveredconditionals="3" methods="3" coveredmethods="2"/>
        <line num="1" count="1" type="stmt"/>
        <line num="2" count="1" type="stmt"/>
        <line num="3" count="1" type="stmt"/>
        <line num="4" count="1" type="stmt"/>
        <line num="5" count="1" type="stmt"/>
        <line num="6" count="1" type="stmt"/>
        <line num="7" count="1" type="stmt"/>
        <line num="8" count="1" type="stmt"/>
        <line num="9" count="1" type="stmt"/>
        <line num="10" count="1" type="stmt"/>
        <line num="11" count="1" type="stmt"/>
        <line num="12" count="1" type="stmt"/>
        <line num="13" count="1" type="cond" truecount="1" falsecount="0"/>
        <line num="14" count="5" type="stmt"/>
        <line num="15" count="5" type="cond" truecount="1" falsecount="0"/>
        <line num="16" count="5" type="stmt"/>
        <line num="17" count="5" type="stmt"/>
        <line num="18" count="5" type="stmt"/>
        <line num="19" count="5" type="stmt"/>
        <line num="20" count="5" type="stmt"/>
        <line num="21" count="5" type="stmt"/>
        <line num="22" count="5" type="stmt"/>
        <line num="23" count="5" type="stmt"/>
        <line num="24" count="5" type="stmt"/>
        <line num="25" count="5" type="stmt"/>
        <line num="26" count="5" type="stmt"/>
        <line num="27" count="5" type="stmt"/>
        <line num="28" count="5" type="stmt"/>
        <line num="29" count="5" type="stmt"/>
        <line num="30" count="5" type="stmt"/>
        <line num="31" count="5" type="stmt"/>
        <line num="32" count="5" type="stmt"/>
        <line num="33" count="5" type="stmt"/>
        <line num="34" count="5" type="stmt"/>
        <line num="35" count="5" type="stmt"/>
        <line num="36" count="5" type="stmt"/>
        <line num="37" count="5" type="stmt"/>
        <line num="38" count="5" type="stmt"/>
        <line num="39" count="5" type="stmt"/>
        <line num="40" count="5" type="stmt"/>
        <line num="41" count="5" type="stmt"/>
        <line num="42" count="5" type="stmt"/>
        <line num="43" count="5" type="stmt"/>
        <line num="44" count="5" type="stmt"/>
        <line num="45" count="5" type="stmt"/>
        <line num="46" count="5" type="stmt"/>
        <line num="47" count="5" type="stmt"/>
        <line num="48" count="5" type="stmt"/>
        <line num="49" count="5" type="stmt"/>
        <line num="50" count="5" type="stmt"/>
        <line num="51" count="5" type="stmt"/>
        <line num="52" count="5" type="stmt"/>
        <line num="53" count="5" type="stmt"/>
        <line num="54" count="5" type="stmt"/>
        <line num="55" count="5" type="stmt"/>
        <line num="56" count="1817" type="cond" truecount="1" falsecount="0"/>
      </file>
      <file name="invalidCommandPromise.ts" path="/home/safae/cs320/sprint4/sprint-4-gwan1-smerigh/src/frontend/REPL/promises/invalidCommandPromise.ts">
        <metrics statements="14" coveredstatements="14" conditionals="3" coveredconditionals="3" methods="2" coveredmethods="2"/>
        <line num="1" count="1" type="stmt"/>
        <line num="2" count="1" type="stmt"/>
        <line num="3" count="1" type="stmt"/>
        <line num="4" count="1" type="stmt"/>
        <line num="5" count="1" type="stmt"/>
        <line num="6" count="1" type="stmt"/>
        <line num="7" count="1" type="stmt"/>
        <line num="8" count="1" type="cond" truecount="1" falsecount="0"/>
        <line num="9" count="3" type="stmt"/>
        <line num="10" count="3" type="cond" truecount="1" falsecount="0"/>
        <line num="11" count="3" type="stmt"/>
        <line num="12" count="3" type="stmt"/>
        <line num="13" count="3" type="stmt"/>
        <line num="14" count="3" type="cond" truecount="1" falsecount="0"/>
      </file>
      <file name="loadPromise.ts" path="/home/safae/cs320/sprint4/sprint-4-gwan1-smerigh/src/frontend/REPL/promises/loadPromise.ts">
        <metrics statements="43" coveredstatements="38" conditionals="10" coveredconditionals="9" methods="2" coveredmethods="2"/>
        <line num="1" count="1" type="stmt"/>
        <line num="2" count="1" type="stmt"/>
        <line num="3" count="1" type="stmt"/>
        <line num="4" count="1" type="stmt"/>
        <line num="5" count="1" type="stmt"/>
        <line num="6" count="1" type="stmt"/>
        <line num="7" count="1" type="stmt"/>
        <line num="8" count="1" type="stmt"/>
        <line num="9" count="1" type="cond" truecount="1" falsecount="0"/>
        <line num="10" count="4" type="stmt"/>
        <line num="11" count="4" type="cond" truecount="1" falsecount="0"/>
        <line num="12" count="4" type="stmt"/>
        <line num="13" count="4" type="cond" truecount="1" falsecount="0"/>
        <line num="14" count="3" type="stmt"/>
        <line num="15" count="3" type="stmt"/>
        <line num="16" count="3" type="stmt"/>
        <line num="17" count="3" type="stmt"/>
        <line num="18" count="3" type="cond" truecount="1" falsecount="0"/>
        <line num="19" count="3" type="cond" truecount="1" falsecount="0"/>
        <line num="20" count="3" type="stmt"/>
        <line num="21" count="3" type="cond" truecount="1" falsecount="0"/>
        <line num="22" count="2" type="stmt"/>
        <line num="23" count="2" type="stmt"/>
        <line num="24" count="3" type="cond" truecount="1" falsecount="0"/>
        <line num="25" count="1" type="stmt"/>
        <line num="26" count="1" type="stmt"/>
        <line num="27" count="3" type="stmt"/>
        <line num="28" count="3" type="stmt"/>
        <line num="29" count="0" type="stmt"/>
        <line num="30" count="0" type="stmt"/>
        <line num="31" count="3" type="stmt"/>
        <line num="32" count="3" type="cond" truecount="0" falsecount="1"/>
        <line num="33" count="0" type="stmt"/>
        <line num="34" count="0" type="stmt"/>
        <line num="35" count="0" type="stmt"/>
        <line num="36" count="3" type="stmt"/>
        <line num="37" count="4" type="cond" truecount="1" falsecount="0"/>
        <line num="38" count="1" type="stmt"/>
        <line num="39" count="1" type="stmt"/>
        <line num="40" count="1" type="stmt"/>
        <line num="41" count="4" type="stmt"/>
        <line num="42" count="4" type="stmt"/>
        <line num="43" count="1817" type="cond" truecount="1" falsecount="0"/>
      </file>
      <file name="modePromise.ts" path="/home/safae/cs320/sprint4/sprint-4-gwan1-smerigh/src/frontend/REPL/promises/modePromise.ts">
        <metrics statements="35" coveredstatements="35" conditionals="13" coveredconditionals="13" methods="3" coveredmethods="3"/>
        <line num="1" count="1" type="stmt"/>
        <line num="2" count="1" type="stmt"/>
        <line num="3" count="1" type="cond" truecount="1" falsecount="0"/>
        <line num="4" count="1" type="stmt"/>
        <line num="5" count="1" type="stmt"/>
        <line num="6" count="1" type="stmt"/>
        <line num="7" count="1" type="stmt"/>
        <line num="8" count="1" type="stmt"/>
        <line num="9" count="1" type="stmt"/>
        <line num="10" count="1" type="stmt"/>
        <line num="11" count="1" type="stmt"/>
        <line num="12" count="1" type="cond" truecount="1" falsecount="0"/>
        <line num="13" count="15" type="stmt"/>
        <line num="14" count="15" type="cond" truecount="1" falsecount="0"/>
        <line num="15" count="15" type="stmt"/>
        <line num="16" count="15" type="cond" truecount="1" falsecount="0"/>
        <line num="17" count="9" type="cond" truecount="1" falsecount="0"/>
        <line num="18" count="4" type="stmt"/>
        <line num="19" count="4" type="stmt"/>
        <line num="20" count="9" type="cond" truecount="2" falsecount="0"/>
        <line num="21" count="4" type="stmt"/>
        <line num="22" count="4" type="stmt"/>
        <line num="23" count="5" type="cond" truecount="1" falsecount="0"/>
        <line num="24" count="1" type="stmt"/>
        <line num="25" count="1" type="stmt"/>
        <line num="26" count="1" type="stmt"/>
        <line num="27" count="9" type="stmt"/>
        <line num="28" count="9" type="stmt"/>
        <line num="29" count="15" type="cond" truecount="1" falsecount="0"/>
        <line num="30" count="6" type="stmt"/>
        <line num="31" count="6" type="cond" truecount="1" falsecount="0"/>
        <line num="32" count="14" type="stmt"/>
        <line num="33" count="15" type="cond" truecount="2" falsecount="0"/>
        <line num="34" count="15" type="stmt"/>
        <line num="35" count="1817" type="cond" truecount="1" falsecount="0"/>
      </file>
      <file name="searchPromise.ts" path="/home/safae/cs320/sprint4/sprint-4-gwan1-smerigh/src/frontend/REPL/promises/searchPromise.ts">
        <metrics statements="63" coveredstatements="58" conditionals="19" coveredconditionals="18" methods="2" coveredmethods="2"/>
        <line num="1" count="1" type="stmt"/>
        <line num="2" count="1" type="stmt"/>
        <line num="3" count="1" type="stmt"/>
        <line num="4" count="1" type="stmt"/>
        <line num="5" count="1" type="stmt"/>
        <line num="6" count="1" type="stmt"/>
        <line num="7" count="1" type="stmt"/>
        <line num="8" count="1" type="stmt"/>
        <line num="9" count="1" type="stmt"/>
        <line num="10" count="1" type="stmt"/>
        <line num="11" count="1" type="stmt"/>
        <line num="12" count="1" type="cond" truecount="1" falsecount="0"/>
        <line num="13" count="27" type="stmt"/>
        <line num="14" count="27" type="cond" truecount="1" falsecount="0"/>
        <line num="15" count="27" type="stmt"/>
        <line num="16" count="27" type="cond" truecount="1" falsecount="0"/>
        <line num="17" count="26" type="stmt"/>
        <line num="18" count="26" type="stmt"/>
        <line num="19" count="26" type="stmt"/>
        <line num="20" count="26" type="stmt"/>
        <line num="21" count="26" type="stmt"/>
        <line num="22" count="26" type="cond" truecount="2" falsecount="0"/>
        <line num="23" count="26" type="cond" truecount="2" falsecount="0"/>
        <line num="24" count="26" type="cond" truecount="2" falsecount="0"/>
        <line num="25" count="1" type="stmt"/>
        <line num="26" count="1" type="stmt"/>
        <line num="27" count="26" type="stmt"/>
        <line num="28" count="26" type="cond" truecount="1" falsecount="0"/>
        <line num="29" count="25" type="cond" truecount="1" falsecount="0"/>
        <line num="30" count="1" type="stmt"/>
        <line num="31" count="26" type="stmt"/>
        <line num="32" count="26" type="cond" truecount="1" falsecount="0"/>
        <line num="33" count="26" type="cond" truecount="1" falsecount="0"/>
        <line num="34" count="26" type="stmt"/>
        <line num="35" count="26" type="cond" truecount="1" falsecount="0"/>
        <line num="36" count="2" type="stmt"/>
        <line num="37" count="2" type="stmt"/>
        <line num="38" count="26" type="cond" truecount="1" falsecount="0"/>
        <line num="39" count="24" type="stmt"/>
        <line num="40" count="24" type="cond" truecount="1" falsecount="0"/>
        <line num="41" count="12" type="stmt"/>
        <line num="42" count="12" type="stmt"/>
        <line num="43" count="12" type="stmt"/>
        <line num="44" count="12" type="stmt"/>
        <line num="45" count="12" type="stmt"/>
        <line num="46" count="24" type="stmt"/>
        <line num="47" count="26" type="stmt"/>
        <line num="48" count="26" type="stmt"/>
        <line num="49" count="0" type="stmt"/>
        <line num="50" count="0" type="stmt"/>
        <line num="51" count="26" type="stmt"/>
        <line num="52" count="26" type="cond" truecount="0" falsecount="1"/>
        <line num="53" count="0" type="stmt"/>
        <line num="54" count="0" type="stmt"/>
        <line num="55" count="0" type="stmt"/>
        <line num="56" count="26" type="stmt"/>
        <line num="57" count="27" type="cond" truecount="1" falsecount="0"/>
        <line num="58" count="1" type="stmt"/>
        <line num="59" count="1" type="stmt"/>
        <line num="60" count="1" type="stmt"/>
        <line num="61" count="27" type="stmt"/>
        <line num="62" count="27" type="stmt"/>
        <line num="63" count="1817" type="cond" truecount="1" falsecount="0"/>
      </file>
      <file name="viewPromise.ts" path="/home/safae/cs320/sprint4/sprint-4-gwan1-smerigh/src/frontend/REPL/promises/viewPromise.ts">
        <metrics statements="35" coveredstatements="31" conditionals="7" coveredconditionals="6" methods="2" coveredmethods="2"/>
        <line num="1" count="1" type="stmt"/>
        <line num="2" count="1" type="stmt"/>
        <line num="3" count="1" type="stmt"/>
        <line num="4" count="1" type="stmt"/>
        <line num="5" count="1" type="stmt"/>
        <line num="6" count="1" type="stmt"/>
        <line num="7" count="1" type="stmt"/>
        <line num="8" count="1" type="stmt"/>
        <line num="9" count="1" type="cond" truecount="1" falsecount="0"/>
        <line num="10" count="4" type="stmt"/>
        <line num="11" count="4" type="cond" truecount="1" falsecount="0"/>
        <line num="12" count="4" type="stmt"/>
        <line num="13" count="4" type="stmt"/>
        <line num="14" count="4" type="cond" truecount="1" falsecount="0"/>
        <line num="15" count="4" type="cond" truecount="1" falsecount="0"/>
        <line num="16" count="4" type="stmt"/>
        <line num="17" count="4" type="cond" truecount="1" falsecount="0"/>
        <line num="18" count="2" type="stmt"/>
        <line num="19" count="2" type="stmt"/>
        <line num="20" count="2" type="stmt"/>
        <line num="21" count="2" type="cond" truecount="0" falsecount="1"/>
        <line num="22" count="0" type="stmt"/>
        <line num="23" count="0" type="stmt"/>
        <line num="24" count="2" type="stmt"/>
        <line num="25" count="2" type="stmt"/>
        <line num="26" count="2" type="stmt"/>
        <line num="27" count="4" type="stmt"/>
        <line num="28" count="4" type="stmt"/>
        <line num="29" count="0" type="stmt"/>
        <line num="30" count="0" type="stmt"/>
        <line num="31" count="4" type="stmt"/>
        <line num="32" count="4" type="stmt"/>
        <line num="33" count="4" type="stmt"/>
        <line num="34" count="4" type="stmt"/>
        <line num="35" count="4" type="cond" truecount="1" falsecount="0"/>
      </file>
    </package>
    <package name="src.frontend.components">
      <metrics statements="98" coveredstatements="94" conditionals="11" coveredconditionals="9" methods="7" coveredmethods="7"/>
      <file name="Header.tsx" path="/home/safae/cs320/sprint4/sprint-4-gwan1-smerigh/src/frontend/components/Header.tsx">
        <metrics statements="8" coveredstatements="8" conditionals="1" coveredconditionals="1" methods="1" coveredmethods="1"/>
        <line num="1" count="1" type="stmt"/>
        <line num="2" count="1" type="stmt"/>
        <line num="3" count="1" type="stmt"/>
        <line num="4" count="1692" type="cond" truecount="1" falsecount="0"/>
        <line num="5" count="1692" type="stmt"/>
        <line num="6" count="1692" type="stmt"/>
        <line num="7" count="1" type="stmt"/>
        <line num="8" count="1" type="stmt"/>
      </file>
      <file name="HistoryBox.tsx" path="/home/safae/cs320/sprint4/sprint-4-gwan1-smerigh/src/frontend/components/HistoryBox.tsx">
        <metrics statements="48" coveredstatements="46" conditionals="5" coveredconditionals="4" methods="2" coveredmethods="2"/>
        <line num="1" count="1" type="stmt"/>
        <line num="2" count="1" type="stmt"/>
        <line num="3" count="1" type="stmt"/>
        <line num="4" count="1" type="stmt"/>
        <line num="5" count="1" type="stmt"/>
        <line num="6" count="1" type="stmt"/>
        <line num="7" count="1" type="stmt"/>
        <line num="8" count="1" type="stmt"/>
        <line num="9" count="1" type="stmt"/>
        <line num="10" count="1" type="stmt"/>
        <line num="11" count="1" type="cond" truecount="1" falsecount="0"/>
        <line num="12" count="1692" type="stmt"/>
        <line num="13" count="1692" type="stmt"/>
        <line num="14" count="1692" type="stmt"/>
        <line num="15" count="1692" type="stmt"/>
        <line num="16" count="1692" type="cond" truecount="1" falsecount="0"/>
        <line num="17" count="1692" type="stmt"/>
        <line num="18" count="1692" type="stmt"/>
        <line num="19" count="1692" type="stmt"/>
        <line num="20" count="1692" type="stmt"/>
        <line num="21" count="1692" type="stmt"/>
        <line num="22" count="1692" type="stmt"/>
        <line num="23" count="1692" type="cond" truecount="0" falsecount="1"/>
        <line num="24" count="0" type="stmt"/>
        <line num="25" count="0" type="stmt"/>
        <line num="26" count="1692" type="stmt"/>
        <line num="27" count="1" type="stmt"/>
        <line num="28" count="1" type="stmt"/>
        <line num="29" count="1" type="stmt"/>
        <line num="30" count="1" type="stmt"/>
        <line num="31" count="1699" type="cond" truecount="1" falsecount="0"/>
        <line num="32" count="1699" type="stmt"/>
        <line num="33" count="1699" type="stmt"/>
        <line num="34" count="1699" type="stmt"/>
        <line num="35" count="1699" type="stmt"/>
        <line num="36" count="1699" type="stmt"/>
        <line num="37" count="1699" type="stmt"/>
        <line num="38" count="1699" type="cond" truecount="1" falsecount="0"/>
        <line num="39" count="4599" type="stmt"/>
        <line num="40" count="4599" type="stmt"/>
        <line num="41" count="4599" type="stmt"/>
        <line num="42" count="4599" type="stmt"/>
        <line num="43" count="1699" type="stmt"/>
        <line num="44" count="1699" type="stmt"/>
        <line num="45" count="1699" type="stmt"/>
        <line num="46" count="1699" type="stmt"/>
        <line num="47" count="1699" type="stmt"/>
        <line num="48" count="1" type="stmt"/>
      </file>
      <file name="InputBox.tsx" path="/home/safae/cs320/sprint4/sprint-4-gwan1-smerigh/src/frontend/components/InputBox.tsx">
        <metrics statements="42" coveredstatements="40" conditionals="5" coveredconditionals="4" methods="4" coveredmethods="4"/>
        <line num="1" count="1" type="stmt"/>
        <line num="2" count="1" type="stmt"/>
        <line num="3" count="1" type="stmt"/>
        <line num="4" count="1" type="stmt"/>
        <line num="5" count="1" type="stmt"/>
        <line num="6" count="1" type="stmt"/>
        <line num="7" count="1" type="stmt"/>
        <line num="8" count="1" type="stmt"/>
        <line num="9" count="1" type="stmt"/>
        <line num="10" count="1" type="stmt"/>
        <line num="11" count="1" type="stmt"/>
        <line num="12" count="1692" type="cond" truecount="1" falsecount="0"/>
        <line num="13" count="1692" type="stmt"/>
        <line num="14" count="1692" type="stmt"/>
        <line num="15" count="1692" type="stmt"/>
        <line num="16" count="1692" type="stmt"/>
        <line num="17" count="1692" type="cond" truecount="1" falsecount="0"/>
        <line num="18" count="76" type="stmt"/>
        <line num="19" count="76" type="stmt"/>
        <line num="20" count="76" type="stmt"/>
        <line num="21" count="1692" type="stmt"/>
        <line num="22" count="1692" type="stmt"/>
        <line num="23" count="1692" type="stmt"/>
        <line num="24" count="1692" type="stmt"/>
        <line num="25" count="1692" type="stmt"/>
        <line num="26" count="1692" type="stmt"/>
        <line num="27" count="1692" type="stmt"/>
        <line num="28" count="1692" type="cond" truecount="1" falsecount="0"/>
        <line num="29" count="1692" type="stmt"/>
        <line num="30" count="1692" type="cond" truecount="1" falsecount="0"/>
        <line num="31" count="1394" type="cond" truecount="0" falsecount="1"/>
        <line num="32" count="0" type="stmt"/>
        <line num="33" count="0" type="stmt"/>
        <line num="34" count="1394" type="stmt"/>
        <line num="35" count="1692" type="stmt"/>
        <line num="36" count="1692" type="stmt"/>
        <line num="37" count="1692" type="stmt"/>
        <line num="38" count="1692" type="stmt"/>
        <line num="39" count="1692" type="stmt"/>
        <line num="40" count="1692" type="stmt"/>
        <line num="41" count="1692" type="stmt"/>
        <line num="42" count="1692" type="stmt"/>
      </file>
    </package>
  </project>
</coverage>
